\BOOKMARK [0][]{chapter*.1}{\376\377\000P\000r\000e\000f\000a\000c\000i\000o}{}% 1
\BOOKMARK [0][]{chapter*.2}{\376\377\000N\000o\000t\000a\000c\000i\000\363\000n}{}% 2
\BOOKMARK [0][]{chapter*.4}{\376\377\000\315\000n\000d\000i\000c\000e\000\040\000d\000e\000\040\000f\000i\000g\000u\000r\000a\000s}{}% 3
\BOOKMARK [0][]{chapter*.5}{\376\377\000\315\000n\000d\000i\000c\000e\000\040\000d\000e\000\040\000t\000a\000b\000l\000a\000s}{}% 4
\BOOKMARK [0][]{chapter*.6}{\376\377\000\315\000n\000d\000i\000c\000e\000\040\000d\000e\000\040\000a\000l\000g\000o\000r\000i\000t\000m\000o\000s}{}% 5
\BOOKMARK [0][]{chapter.1}{\376\377\0001\000\040\000I\000n\000t\000r\000o\000d\000u\000c\000c\000i\000\363\000n\000:\000\040\000p\000o\000r\000\040\000q\000u\000\351\000\040\000u\000n\000\040\000F\000S\000\040\000b\000a\000s\000a\000d\000o\000\040\000e\000n\000\040\000g\000r\000a\000f\000o\000s}{}% 6
\BOOKMARK [1][]{section.1.1}{\376\377\0001\000.\0001\000\040\000F\000i\000l\000e\000s\000y\000s\000t\000e\000m\000s\000\040\000c\000o\000m\000o\000\040\000\341\000r\000b\000o\000l\000\040\000v\000s\000.\000\040\000c\000o\000m\000o\000\040\000g\000r\000a\000f\000o}{chapter.1}% 7
\BOOKMARK [1][]{section.1.2}{\376\377\0001\000.\0002\000\040\000L\000o\000\040\000q\000u\000e\000\040\000s\000o\000t\000F\000S\000\040\000e\000s\000\040\000y\000\040\000l\000o\000\040\000q\000u\000e\000\040\000n\000o}{chapter.1}% 8
\BOOKMARK [1][]{section.1.3}{\376\377\0001\000.\0003\000\040\000M\000a\000p\000a\000\040\000d\000e\000\040\000c\000a\000p\000\355\000t\000u\000l\000o\000s}{chapter.1}% 9
\BOOKMARK [1][]{section.1.4}{\376\377\0001\000.\0004\000\040\000C\000o\000n\000v\000e\000n\000c\000i\000o\000n\000e\000s\000\040\000d\000e\000l\000\040\000l\000i\000b\000r\000o}{chapter.1}% 10
\BOOKMARK [1][]{section.1.5}{\376\377\0001\000.\0005\000\040\000C\000\363\000m\000o\000\040\000l\000e\000e\000r\000\040\000e\000s\000t\000e\000\040\000l\000i\000b\000r\000o}{chapter.1}% 11
\BOOKMARK [0][]{chapter.2}{\376\377\0002\000\040\000P\000r\000e\000l\000i\000m\000i\000n\000a\000r\000e\000s\000\040\000m\000a\000t\000e\000m\000\341\000t\000i\000c\000o\000s}{}% 12
\BOOKMARK [1][]{section.2.1}{\376\377\0002\000.\0001\000\040\000G\000r\000a\000f\000o\000s\000\040\000d\000i\000r\000i\000g\000i\000d\000o\000s\000\040\000t\000i\000p\000a\000d\000o\000s}{chapter.2}% 13
\BOOKMARK [1][]{section.2.2}{\376\377\0002\000.\0002\000\040\000F\000u\000n\000c\000i\000o\000n\000e\000s\000\040\000d\000e\000\040\000h\000a\000s\000h\000\040\000c\000r\000i\000p\000t\000o\000g\000r\000\341\000f\000i\000c\000o}{chapter.2}% 14
\BOOKMARK [1][]{section.2.3}{\376\377\0002\000.\0003\000\040\000P\000u\000s\000h\000o\000u\000t\000s}{chapter.2}% 15
\BOOKMARK [1][]{section.2.4}{\376\377\0002\000.\0004\000\040\000R\000e\000e\000s\000c\000r\000i\000t\000u\000r\000a\000\040\000D\000P\000O\000\040\000\050\000d\000o\000u\000b\000l\000e\000-\000p\000u\000s\000h\000o\000u\000t\000\051}{chapter.2}% 16
\BOOKMARK [1][]{section.2.5}{\376\377\0002\000.\0005\000\040\000P\000o\000r\000\040\000q\000u\000\351\000\040\000D\000P\000O\000\040\000y\000\040\000n\000o\000\040\000S\000P\000O\000\040\000o\000\040\000A\000R\000S}{chapter.2}% 17
\BOOKMARK [1][]{section.2.6}{\376\377\0002\000.\0006\000\040\000N\000o\000t\000a\000c\000i\000\363\000n\000\040\000q\000u\000e\000\040\000s\000e\000\040\000u\000s\000a\000\040\000t\000o\000d\000o\000\040\000e\000l\000\040\000l\000i\000b\000r\000o}{chapter.2}% 18
\BOOKMARK [0][]{chapter.3}{\376\377\0003\000\040\000E\000l\000\040\000T\000y\000p\000e\000G\000r\000a\000p\000h\000\040\000d\000e\000\040\000s\000o\000t\000F\000S}{}% 19
\BOOKMARK [1][]{section.3.1}{\376\377\0003\000.\0001\000\040\000P\000o\000r\000\040\000q\000u\000\351\000\040\000u\000n\000\040\000g\000r\000a\000f\000o\000\040\000t\000i\000p\000a\000d\000o\000\040\000y\000\040\000n\000o\000\040\000u\000n\000\040\000\341\000r\000b\000o\000l}{chapter.3}% 20
\BOOKMARK [1][]{section.3.2}{\376\377\0003\000.\0002\000\040\000D\000e\000f\000i\000n\000i\000c\000i\000\363\000n\000\040\000f\000o\000r\000m\000a\000l\000\040\000d\000e\000l\000\040\000T\000y\000p\000e\000G\000r\000a\000p\000h}{chapter.3}% 21
\BOOKMARK [1][]{section.3.3}{\376\377\0003\000.\0003\000\040\000L\000o\000s\000\040\000s\000e\000i\000s\000\040\000t\000i\000p\000o\000s\000\040\000d\000e\000\040\000n\000o\000d\000o}{chapter.3}% 22
\BOOKMARK [1][]{section.3.4}{\376\377\0003\000.\0004\000\040\000L\000o\000s\000\040\000s\000i\000e\000t\000e\000\040\000t\000i\000p\000o\000s\000\040\000d\000e\000\040\000a\000r\000i\000s\000t\000a}{chapter.3}% 23
\BOOKMARK [1][]{section.3.5}{\376\377\0003\000.\0005\000\040\000D\000i\000a\000g\000r\000a\000m\000a\000\040\000d\000e\000\040\000u\000n\000\040\000T\000y\000p\000e\000G\000r\000a\000p\000h\000\040\000m\000\355\000n\000i\000m\000o}{chapter.3}% 24
\BOOKMARK [1][]{section.3.6}{\376\377\0003\000.\0006\000\040\000L\000o\000s\000\040\000s\000i\000e\000t\000e\000\040\000i\000n\000v\000a\000r\000i\000a\000n\000t\000e\000s\000\040\000v\000e\000r\000i\000f\000i\000c\000a\000d\000o\000s\000\040\000t\000r\000a\000s\000\040\000c\000a\000d\000a\000\040\000p\000a\000s\000o}{chapter.3}% 25
\BOOKMARK [1][]{section.3.7}{\376\377\0003\000.\0007\000\040\000L\000a\000\040\000c\000a\000r\000a\000\040\000T\000L\000A\000+\000\040\000d\000e\000l\000\040\000T\000y\000p\000e\000G\000r\000a\000p\000h}{chapter.3}% 26
\BOOKMARK [1][]{section.3.8}{\376\377\0003\000.\0008\000\040\000R\000e\000s\000u\000m\000e\000n\000\040\000d\000e\000l\000\040\000c\000a\000p\000\355\000t\000u\000l\000o}{chapter.3}% 27
\BOOKMARK [0][]{chapter.4}{\376\377\0004\000\040\000H\000a\000s\000h\000i\000n\000g\000\040\000d\000e\000\040\000c\000o\000n\000t\000e\000n\000i\000d\000o\000\040\000y\000\040\000d\000i\000r\000e\000c\000c\000i\000o\000n\000a\000m\000i\000e\000n\000t\000o}{}% 28
\BOOKMARK [1][]{section.4.1}{\376\377\0004\000.\0001\000\040\000E\000l\000\040\000h\000a\000s\000h\000\040\000d\000e\000\040\000u\000n\000\040\000n\000o\000d\000o}{chapter.4}% 29
\BOOKMARK [1][]{section.4.2}{\376\377\0004\000.\0002\000\040\000I\000d\000e\000n\000t\000i\000d\000a\000d\000\040\000p\000o\000r\000\040\000c\000o\000n\000t\000e\000n\000i\000d\000o\000\040\000y\000\040\000d\000e\000d\000u\000p\000l\000i\000c\000a\000c\000i\000\363\000n}{chapter.4}% 30
\BOOKMARK [1][]{section.4.3}{\376\377\0004\000.\0003\000\040\000V\000e\000r\000i\000f\000i\000c\000a\000c\000i\000\363\000n\000\040\000i\000n\000c\000r\000e\000m\000e\000n\000t\000a\000l}{chapter.4}% 31
\BOOKMARK [1][]{section.4.4}{\376\377\0004\000.\0004\000\040\000S\000n\000a\000p\000s\000h\000o\000t\000s\000\040\000g\000r\000a\000t\000i\000s}{chapter.4}% 32
\BOOKMARK [1][]{section.4.5}{\376\377\0004\000.\0005\000\040\000S\000h\000a\000r\000i\000n\000g\000\040\000e\000n\000t\000r\000e\000\040\000d\000o\000m\000i\000n\000i\000o\000s}{chapter.4}% 33
\BOOKMARK [1][]{section.4.6}{\376\377\0004\000.\0006\000\040\000C\000o\000m\000p\000a\000r\000a\000c\000i\000\363\000n\000\040\000c\000o\000n\000\040\000\341\000r\000b\000o\000l\000\040\000P\000O\000S\000I\000X}{chapter.4}% 34
\BOOKMARK [1][]{section.4.7}{\376\377\0004\000.\0007\000\040\000I\000n\000m\000u\000t\000a\000b\000i\000l\000i\000d\000a\000d\000\040\000d\000e\000\040\000n\000o\000d\000o}{chapter.4}% 35
\BOOKMARK [0][]{chapter.5}{\376\377\0005\000\040\000R\000e\000e\000s\000c\000r\000i\000t\000u\000r\000a\000\040\000D\000P\000O\000\040\000d\000e\000\040\000o\000p\000e\000r\000a\000c\000i\000o\000n\000e\000s\000\040\000P\000O\000S\000I\000X}{}% 36
\BOOKMARK [1][]{section.5.1}{\376\377\0005\000.\0001\000\040\000R\000e\000p\000a\000s\000o\000:\000\040\000p\000u\000s\000h\000o\000u\000t\000\040\000e\000n\000\040\000S\000e\000t\000\040\000y\000\040\000e\000n\000\040\000G\000r\000a\000p\000h}{chapter.5}% 37
\BOOKMARK [1][]{section.5.2}{\376\377\0005\000.\0002\000\040\000U\000n\000a\000\040\000r\000e\000g\000l\000a\000\040\000D\000P\000O}{chapter.5}% 38
\BOOKMARK [1][]{section.5.3}{\376\377\0005\000.\0003\000\040\000P\000r\000o\000d\000u\000c\000c\000i\000o\000n\000e\000s\000\040\000D\000P\000O\000\040\000d\000e\000\040\000l\000a\000s\000\040\000o\000p\000e\000r\000a\000c\000i\000o\000n\000e\000s\000\040\000P\000O\000S\000I\000X}{chapter.5}% 39
\BOOKMARK [2][]{subsection.5.3.1}{\376\377\0005\000.\0003\000.\0001\000\040\000c\000r\000e\000a\000t\000e\000\137\000f\000i\000l\000e}{section.5.3}% 40
\BOOKMARK [2][]{subsection.5.3.2}{\376\377\0005\000.\0003\000.\0002\000\040\000m\000k\000d\000i\000r}{section.5.3}% 41
\BOOKMARK [2][]{subsection.5.3.3}{\376\377\0005\000.\0003\000.\0003\000\040\000l\000i\000n\000k}{section.5.3}% 42
\BOOKMARK [2][]{subsection.5.3.4}{\376\377\0005\000.\0003\000.\0004\000\040\000u\000n\000l\000i\000n\000k}{section.5.3}% 43
\BOOKMARK [2][]{subsection.5.3.5}{\376\377\0005\000.\0003\000.\0005\000\040\000r\000m\000d\000i\000r}{section.5.3}% 44
\BOOKMARK [2][]{subsection.5.3.6}{\376\377\0005\000.\0003\000.\0006\000\040\000r\000e\000n\000a\000m\000e}{section.5.3}% 45
\BOOKMARK [2][]{subsection.5.3.7}{\376\377\0005\000.\0003\000.\0007\000\040\000w\000r\000i\000t\000e}{section.5.3}% 46
\BOOKMARK [1][]{section.5.4}{\376\377\0005\000.\0004\000\040\000G\000l\000u\000i\000n\000g\000\040\000c\000o\000n\000d\000i\000t\000i\000o\000n\000\040\000v\000s\000.\000\040\000i\000n\000v\000a\000r\000i\000a\000n\000t\000e\000s}{chapter.5}% 47
\BOOKMARK [1][]{section.5.5}{\376\377\0005\000.\0005\000\040\000A\000l\000g\000o\000r\000i\000t\000m\000o\000\040\000g\000e\000n\000\351\000r\000i\000c\000o\000\040\000d\000e\000\040\000a\000p\000l\000i\000c\000a\000c\000i\000\363\000n\000\040\000d\000e\000\040\000u\000n\000a\000\040\000r\000e\000g\000l\000a\000\040\000D\000P\000O}{chapter.5}% 48
\BOOKMARK [1][]{section.5.6}{\376\377\0005\000.\0006\000\040\000T\000r\000a\000m\000p\000a\000s\000\040\000h\000i\000s\000t\000\363\000r\000i\000c\000a\000s}{chapter.5}% 49
\BOOKMARK [1][]{section.5.7}{\376\377\0005\000.\0007\000\040\000R\000e\000s\000u\000m\000e\000n\000\040\000d\000e\000l\000\040\000c\000a\000p\000\355\000t\000u\000l\000o}{chapter.5}% 50
\BOOKMARK [0][]{chapter.6}{\376\377\0006\000\040\000I\000m\000p\000l\000e\000m\000e\000n\000t\000a\000c\000i\000\363\000n\000:\000\040\000a\000r\000e\000n\000a\000s\000,\000\040\000R\000C\000U\000\040\000y\000\040\000m\000o\000t\000o\000r\000\040\000d\000e\000\040\000r\000e\000g\000l\000a\000s}{}% 51
\BOOKMARK [1][]{section.6.1}{\376\377\0006\000.\0001\000\040\000A\000r\000e\000n\000a\000s\000:\000\040\000a\000l\000o\000c\000a\000c\000i\000\363\000n\000\040\000d\000e\000n\000s\000e\000\040\000c\000o\000n\000\040\000r\000e\000u\000s\000o}{chapter.6}% 52
\BOOKMARK [1][]{section.6.2}{\376\377\0006\000.\0002\000\040\000C\000\363\000m\000o\000\040\000s\000e\000\040\000u\000s\000a\000\040\000l\000a\000\040\000a\000r\000e\000n\000a\000\040\000e\000n\000\040\000T\000y\000p\000e\000G\000r\000a\000p\000h}{chapter.6}% 53
\BOOKMARK [1][]{section.6.3}{\376\377\0006\000.\0003\000\040\000R\000C\000U\000:\000\040\000l\000e\000c\000t\000o\000r\000e\000s\000\040\000l\000o\000c\000k\000-\000f\000r\000e\000e\000,\000\040\000e\000s\000c\000r\000i\000t\000o\000r\000\040\000\372\000n\000i\000c\000o}{chapter.6}% 54
\BOOKMARK [1][]{section.6.4}{\376\377\0006\000.\0004\000\040\000E\000l\000\040\000m\000o\000t\000o\000r\000\040\000d\000e\000\040\000r\000e\000g\000l\000a\000s\000:\000\040\000c\000\363\000m\000o\000\040\000s\000e\000\040\000a\000p\000l\000i\000c\000a\000\040\000u\000n\000\040\000p\000a\000s\000o\000\040\000D\000P\000O}{chapter.6}% 55
\BOOKMARK [1][]{section.6.5}{\376\377\0006\000.\0005\000\040\000P\000r\000o\000v\000e\000n\000a\000n\000c\000e\000\040\000l\000o\000g\000:\000\040\000e\000l\000\040\000s\000i\000d\000e\000c\000a\000r\000\040\000o\000p\000c\000i\000o\000n\000a\000l}{chapter.6}% 56
\BOOKMARK [0][]{chapter.7}{\376\377\0007\000\040\000P\000e\000r\000s\000i\000s\000t\000e\000n\000c\000i\000a\000:\000\040\000r\000e\000d\000b\000\040\000e\000\040\000\355\000n\000d\000i\000c\000e\000s\000\040\000s\000e\000c\000u\000n\000d\000a\000r\000i\000o\000s}{}% 57
\BOOKMARK [1][]{section.7.1}{\376\377\0007\000.\0001\000\040\000E\000l\000\040\000b\000a\000c\000k\000e\000n\000d\000\040\000r\000e\000d\000b}{chapter.7}% 58
\BOOKMARK [1][]{section.7.2}{\376\377\0007\000.\0002\000\040\000S\000a\000v\000e\000\040\000y\000\040\000l\000o\000a\000d}{chapter.7}% 59
\BOOKMARK [1][]{section.7.3}{\376\377\0007\000.\0003\000\040\000E\000l\000\040\000t\000r\000u\000c\000o\000:\000\040\000r\000e\000h\000i\000d\000r\000a\000t\000a\000c\000i\000\363\000n\000\040\000d\000e\000\040\000\355\000n\000d\000i\000c\000e\000s\000\040\000s\000e\000c\000u\000n\000d\000a\000r\000i\000o\000s}{chapter.7}% 60
\BOOKMARK [1][]{section.7.4}{\376\377\0007\000.\0004\000\040\000E\000l\000\040\000c\000o\000m\000a\000n\000d\000o\000\040\000s\000o\000t\000f\000s\000c\000t\000l}{chapter.7}% 61
\BOOKMARK [1][]{section.7.5}{\376\377\0007\000.\0005\000\040\000C\000r\000a\000s\000h\000\040\000s\000a\000f\000e\000t\000y\000:\000\040\000l\000o\000\040\000q\000u\000e\000\040\000d\000a\000\040\000r\000e\000d\000b}{chapter.7}% 62
\BOOKMARK [0][]{chapter.8}{\376\377\0008\000\040\000C\000a\000p\000a\000b\000i\000l\000i\000t\000i\000e\000s\000\040\000y\000\040\000d\000e\000l\000e\000g\000a\000c\000i\000\363\000n}{}% 63
\BOOKMARK [1][]{section.8.1}{\376\377\0008\000.\0001\000\040\000E\000l\000\040\000n\000o\000d\000o\000\040\000C\000a\000p\000a\000b\000i\000l\000i\000t\000y}{chapter.8}% 64
\BOOKMARK [1][]{section.8.2}{\376\377\0008\000.\0002\000\040\000E\000l\000\040\000i\000n\000v\000a\000r\000i\000a\000n\000t\000e\000\040\000c\000e\000n\000t\000r\000a\000l\000:\000\040\000m\000o\000n\000o\000t\000o\000n\000i\000c\000i\000d\000a\000d}{chapter.8}% 65
\BOOKMARK [1][]{section.8.3}{\376\377\0008\000.\0003\000\040\000A\000c\000c\000i\000o\000n\000e\000s\000\040\000f\000o\000r\000m\000a\000l\000e\000s\000\040\000e\000n\000\040\000e\000l\000\040\000s\000p\000e\000c\000\040\000T\000L\000A}{chapter.8}% 66
\BOOKMARK [1][]{section.8.4}{\376\377\0008\000.\0004\000\040\000E\000l\000\040\000C\000a\000p\000C\000o\000n\000t\000e\000x\000t\000:\000\040\000c\000a\000p\000-\000m\000e\000d\000i\000a\000t\000e\000d\000\040\000c\000o\000n\000t\000e\000x\000t}{chapter.8}% 67
\BOOKMARK [1][]{section.8.5}{\376\377\0008\000.\0005\000\040\000A\000l\000g\000o\000r\000i\000t\000m\000o\000\040\000d\000e\000\040\000c\000h\000e\000q\000u\000e\000o\000\040\000d\000e\000\040\000a\000c\000c\000e\000s\000o}{chapter.8}% 68
\BOOKMARK [1][]{section.8.6}{\376\377\0008\000.\0006\000\040\000R\000e\000v\000o\000c\000a\000c\000i\000\363\000n\000\040\000y\000\040\000e\000l\000\040\000r\000o\000l\000\040\000d\000e\000l\000\040\000e\000p\000o\000c\000h}{chapter.8}% 69
\BOOKMARK [0][]{chapter.9}{\376\377\0009\000\040\000T\000r\000a\000n\000s\000a\000c\000c\000i\000o\000n\000e\000s\000\040\000y\000\040\000c\000r\000a\000s\000h\000\040\000r\000e\000f\000i\000n\000e\000m\000e\000n\000t}{}% 70
\BOOKMARK [1][]{section.9.1}{\376\377\0009\000.\0001\000\040\000M\000o\000d\000e\000l\000o\000\040\000f\000o\000r\000m\000a\000l\000\040\000v\000s\000.\000\040\000i\000m\000p\000l\000e\000m\000e\000n\000t\000a\000c\000i\000\363\000n}{chapter.9}% 71
\BOOKMARK [1][]{section.9.2}{\376\377\0009\000.\0002\000\040\000L\000a\000\040\000G\000T\000X\000N\000\040\000d\000e\000l\000\040\000r\000u\000n\000t\000i\000m\000e}{chapter.9}% 72
\BOOKMARK [1][]{section.9.3}{\376\377\0009\000.\0003\000\040\000E\000l\000\040\000p\000r\000o\000t\000o\000c\000o\000l\000o\000\040\000a\000b\000s\000t\000r\000a\000c\000t\000o\000\040\000d\000e\000l\000\040\000m\000o\000d\000e\000l\000o\000\040\000T\000L\000A\000:\000\040\000G\000T\000X\000N\000\040\000c\000o\000n\000\040\000W\000A\000L}{chapter.9}% 73
\BOOKMARK [1][]{section.9.4}{\376\377\0009\000.\0004\000\040\000C\000r\000a\000s\000h\000\040\000r\000e\000f\000i\000n\000e\000m\000e\000n\000t}{chapter.9}% 74
\BOOKMARK [1][]{section.9.5}{\376\377\0009\000.\0005\000\040\000L\000a\000s\000\040\000p\000r\000o\000p\000i\000e\000d\000a\000d\000e\000s\000\040\000v\000e\000r\000i\000f\000i\000c\000a\000d\000a\000s}{chapter.9}% 75
\BOOKMARK [1][]{section.9.6}{\376\377\0009\000.\0006\000\040\000E\000l\000\040\000p\000r\000o\000t\000o\000c\000o\000l\000o\000\040\000d\000e\000\040\000f\000s\000y\000n\000c}{chapter.9}% 76
\BOOKMARK [1][]{section.9.7}{\376\377\0009\000.\0007\000\040\000T\000r\000a\000m\000p\000a\000s\000\040\000h\000i\000s\000t\000\363\000r\000i\000c\000a\000s}{chapter.9}% 77
\BOOKMARK [1][]{section.9.8}{\376\377\0009\000.\0008\000\040\000L\000a\000\040\000i\000n\000v\000a\000r\000i\000a\000n\000t\000e\000\040\000d\000e\000\040\000r\000e\000a\000d\000e\000r\000s\000\040\000s\000e\000e\000\040\000c\000o\000m\000m\000i\000t\000t\000e\000d\000-\000o\000r\000-\000p\000r\000e\000-\000t\000x}{chapter.9}% 78
\BOOKMARK [1][]{section.9.9}{\376\377\0009\000.\0009\000\040\000O\000r\000i\000g\000e\000n\000\040\000d\000e\000l\000\040\000d\000i\000s\000e\000\361\000o}{chapter.9}% 79
\BOOKMARK [1][]{section.9.10}{\376\377\0009\000.\0001\0000\000\040\000R\000e\000s\000u\000m\000e\000n\000\040\000d\000e\000l\000\040\000c\000a\000p\000\355\000t\000u\000l\000o}{chapter.9}% 80
\BOOKMARK [0][]{chapter.10}{\376\377\0001\0000\000\040\000V\000e\000r\000i\000f\000i\000c\000a\000c\000i\000\363\000n\000\040\000c\000o\000n\000\040\000T\000L\000A\000+}{}% 81
\BOOKMARK [1][]{section.10.1}{\376\377\0001\0000\000.\0001\000\040\000L\000a\000\040\000b\000i\000b\000l\000i\000o\000t\000e\000c\000a\000\040\000d\000e\000\040\000s\000p\000e\000c\000s}{chapter.10}% 82
\BOOKMARK [1][]{section.10.2}{\376\377\0001\0000\000.\0002\000\040\000A\000n\000a\000t\000o\000m\000\355\000a\000\040\000d\000e\000\040\000u\000n\000\040\000s\000p\000e\000c\000:\000\040\000s\000o\000t\000f\000s\000\137\000g\000r\000a\000p\000h}{chapter.10}% 83
\BOOKMARK [1][]{section.10.3}{\376\377\0001\0000\000.\0003\000\040\000C\000\363\000m\000o\000\040\000c\000o\000r\000r\000e\000r\000\040\000T\000L\000C}{chapter.10}% 84
\BOOKMARK [1][]{section.10.4}{\376\377\0001\0000\000.\0004\000\040\000C\000\363\000m\000o\000\040\000l\000e\000e\000r\000\040\000u\000n\000\040\000c\000o\000n\000t\000r\000a\000e\000j\000e\000m\000p\000l\000o\000\040\000d\000e\000\040\000T\000L\000C}{chapter.10}% 85
\BOOKMARK [1][]{section.10.5}{\376\377\0001\0000\000.\0005\000\040\000C\000r\000a\000s\000h\000\040\000r\000e\000f\000i\000n\000e\000m\000e\000n\000t\000:\000\040\000e\000l\000\040\000s\000p\000e\000c\000\040\000m\000\341\000s\000\040\000s\000o\000f\000i\000s\000t\000i\000c\000a\000d\000o}{chapter.10}% 86
\BOOKMARK [1][]{section.10.6}{\376\377\0001\0000\000.\0006\000\040\000S\000t\000a\000t\000u\000s\000\040\000T\000L\000C\000\040\000v\0000\000.\0002\000.\0005}{chapter.10}% 87
\BOOKMARK [1][]{section.10.7}{\376\377\0001\0000\000.\0007\000\040\000L\000o\000\040\000q\000u\000e\000\040\000T\000L\000A\000+\000\040\000n\000o\000\040\000p\000r\000u\000e\000b\000a}{chapter.10}% 88
\BOOKMARK [0][]{chapter.11}{\376\377\0001\0001\000\040\000V\000e\000r\000i\000f\000i\000c\000a\000c\000i\000\363\000n\000\040\000c\000o\000n\000\040\000C\000o\000q}{}% 89
\BOOKMARK [1][]{section.11.1}{\376\377\0001\0001\000.\0001\000\040\000E\000l\000\040\000m\000o\000d\000e\000l\000o\000\040\000R\000e\000c\000o\000r\000d\000s\000:\000\040\000S\000o\000t\000f\000s\000G\000r\000a\000p\000h\000.\000v}{chapter.11}% 90
\BOOKMARK [1][]{section.11.2}{\376\377\0001\0001\000.\0002\000\040\000L\000o\000s\000\040\000t\000e\000o\000r\000e\000m\000a\000s\000\040\000d\000e\000\040\000p\000r\000e\000s\000e\000r\000v\000a\000c\000i\000\363\000n}{chapter.11}% 91
\BOOKMARK [1][]{section.11.3}{\376\377\0001\0001\000.\0003\000\040\000D\000e\000u\000d\000a\000\040\000f\000o\000r\000m\000a\000l\000:\000\040\000l\000o\000s\000\040\000t\000r\000e\000s\000\040\000A\000d\000m\000i\000t\000t\000e\000d}{chapter.11}% 92
\BOOKMARK [1][]{section.11.4}{\376\377\0001\0001\000.\0004\000\040\000C\000\363\000m\000o\000\040\000c\000o\000r\000r\000e\000r\000\040\000l\000a\000s\000\040\000p\000r\000u\000e\000b\000a\000s\000\040\000C\000o\000q}{chapter.11}% 93
\BOOKMARK [1][]{section.11.5}{\376\377\0001\0001\000.\0005\000\040\000L\000o\000\040\000q\000u\000e\000\040\000C\000o\000q\000\040\000p\000r\000u\000e\000b\000a\000\040\000\050\000y\000\040\000l\000o\000\040\000q\000u\000e\000\040\000n\000o\000\051}{chapter.11}% 94
\BOOKMARK [0][]{chapter.12}{\376\377\0001\0002\000\040\000T\000o\000p\000o\000l\000o\000g\000\355\000a\000\040\000d\000e\000l\000\040\000g\000r\000a\000f\000o\000:\000\040\000t\000r\000e\000e\000w\000i\000d\000t\000h\000\040\000y\000\040\000c\000u\000r\000v\000a\000t\000u\000r\000a}{}% 95
\BOOKMARK [1][]{section.12.1}{\376\377\0001\0002\000.\0001\000\040\000P\000o\000r\000\040\000q\000u\000\351\000\040\000i\000m\000p\000o\000r\000t\000a\000n\000\040\000e\000s\000t\000a\000s\000\040\000m\000\351\000t\000r\000i\000c\000a\000s\000\040\000e\000n\000\040\000u\000n\000\040\000F\000S}{chapter.12}% 96
\BOOKMARK [1][]{section.12.2}{\376\377\0001\0002\000.\0002\000\040\000T\000r\000e\000e\000w\000i\000d\000t\000h\000:\000\040\000d\000e\000f\000i\000n\000i\000c\000i\000\363\000n\000\040\000y\000\040\000a\000p\000r\000o\000x\000i\000m\000a\000c\000i\000\363\000n}{chapter.12}% 97
\BOOKMARK [1][]{section.12.3}{\376\377\0001\0002\000.\0003\000\040\000C\000u\000r\000v\000a\000t\000u\000r\000a\000\040\000d\000e\000\040\000O\000l\000l\000i\000v\000i\000e\000r\000-\000R\000i\000c\000c\000i}{chapter.12}% 98
\BOOKMARK [1][]{section.12.4}{\376\377\0001\0002\000.\0004\000\040\000D\000e\000t\000e\000c\000c\000i\000\363\000n\000\040\000d\000e\000\040\000a\000n\000o\000m\000a\000l\000\355\000a\000s}{chapter.12}% 99
\BOOKMARK [1][]{section.12.5}{\376\377\0001\0002\000.\0005\000\040\000E\000l\000\040\000s\000p\000e\000c\000\040\000T\000L\000A\000\040\000d\000e\000\040\000c\000u\000r\000v\000a\000t\000u\000r\000a}{chapter.12}% 100
\BOOKMARK [0][]{chapter.13}{\376\377\0001\0003\000\040\000D\000e\000c\000e\000p\000c\000i\000\363\000n\000:\000\040\000e\000l\000\040\000f\000u\000n\000c\000t\000o\000r\000\040\000d\000e\000\040\000p\000r\000o\000y\000e\000c\000c\000i\000\363\000n}{}% 101
\BOOKMARK [1][]{section.13.1}{\376\377\0001\0003\000.\0001\000\040\000D\000e\000c\000e\000p\000c\000i\000\363\000n\000\040\000c\000o\000m\000o\000\040\000f\000u\000n\000c\000t\000o\000r}{chapter.13}% 102
\BOOKMARK [1][]{section.13.2}{\376\377\0001\0003\000.\0002\000\040\000L\000o\000s\000\040\000c\000u\000a\000t\000r\000o\000\040\000m\000o\000d\000o\000s\000\040\000d\000e\000\040\000p\000r\000o\000y\000e\000c\000c\000i\000\363\000n}{chapter.13}% 103
\BOOKMARK [1][]{section.13.3}{\376\377\0001\0003\000.\0003\000\040\000L\000e\000m\000m\000a\000\040\000d\000e\000\040\000w\000e\000l\000l\000-\000f\000o\000r\000m\000e\000d\000n\000e\000s\000s}{chapter.13}% 104
\BOOKMARK [1][]{section.13.4}{\376\377\0001\0003\000.\0004\000\040\000D\000e\000t\000e\000c\000t\000a\000b\000i\000l\000i\000d\000a\000d\000\040\000p\000o\000r\000\040\000t\000i\000m\000i\000n\000g}{chapter.13}% 105
\BOOKMARK [1][]{section.13.5}{\376\377\0001\0003\000.\0005\000\040\000H\000o\000n\000e\000y\000p\000o\000t\000s\000:\000\040\000p\000e\000r\000f\000i\000l\000e\000s\000\040\000p\000r\000e\000-\000b\000u\000i\000l\000t}{chapter.13}% 106
\BOOKMARK [0][]{chapter.14}{\376\377\0001\0004\000\040\000A\000d\000a\000p\000t\000a\000d\000o\000r\000\040\000F\000U\000S\000E\000\040\000y\000\040\000o\000b\000s\000e\000r\000v\000a\000b\000i\000l\000i\000d\000a\000d}{}% 107
\BOOKMARK [1][]{section.14.1}{\376\377\0001\0004\000.\0001\000\040\000E\000l\000\040\000c\000a\000l\000l\000b\000a\000c\000k\000\040\000F\000U\000S\000E\000:\000\040\000a\000n\000a\000t\000o\000m\000\355\000a}{chapter.14}% 108
\BOOKMARK [1][]{section.14.2}{\376\377\0001\0004\000.\0002\000\040\000M\000a\000p\000e\000o\000\040\000V\000F\000S\000\040\000\040\000D\000P\000O}{chapter.14}% 109
\BOOKMARK [1][]{section.14.3}{\376\377\0001\0004\000.\0003\000\040\000E\000l\000\040\000C\000a\000p\000C\000o\000n\000t\000e\000x\000t\000\040\000d\000e\000s\000d\000e\000\040\000u\000n\000a\000\040\000s\000y\000s\000c\000a\000l\000l}{chapter.14}% 110
\BOOKMARK [1][]{section.14.4}{\376\377\0001\0004\000.\0004\000\040\000P\000r\000o\000v\000e\000n\000a\000n\000c\000e\000\040\000l\000o\000g\000:\000\040\000e\000l\000\040\000s\000i\000d\000e\000c\000a\000r\000\040\000J\000S\000O\000N\000L}{chapter.14}% 111
\BOOKMARK [1][]{section.14.5}{\376\377\0001\0004\000.\0005\000\040\000G\000r\000a\000p\000h\000\040\000H\000u\000n\000t\000e\000r\000:\000\040\000e\000x\000p\000o\000r\000t\000e\000r\000\040\000p\000a\000r\000a\000\040\000t\000h\000r\000e\000a\000t\000-\000h\000u\000n\000t\000i\000n\000g}{chapter.14}% 112
\BOOKMARK [1][]{section.14.6}{\376\377\0001\0004\000.\0006\000\040\000M\000o\000u\000n\000t\000:\000\040\000o\000p\000c\000i\000o\000n\000e\000s\000\040\000r\000u\000n\000t\000i\000m\000e}{chapter.14}% 113
\BOOKMARK [1][]{section.14.7}{\376\377\0001\0004\000.\0007\000\040\000R\000e\000s\000u\000m\000e\000n\000\040\000d\000e\000l\000\040\000c\000a\000p\000\355\000t\000u\000l\000o}{chapter.14}% 114
\BOOKMARK [0][]{appendix.A}{\376\377\000A\000\040\000C\000a\000t\000\341\000l\000o\000g\000o\000\040\000c\000o\000m\000p\000l\000e\000t\000o\000\040\000d\000e\000\040\000i\000n\000v\000a\000r\000i\000a\000n\000t\000e\000s}{}% 115
\BOOKMARK [0][]{appendix.B}{\376\377\000B\000\040\000T\000a\000b\000l\000a\000s\000\040\000D\000P\000O\000\040\000p\000o\000r\000\040\000o\000p\000e\000r\000a\000c\000i\000\363\000n\000\040\000P\000O\000S\000I\000X}{}% 116
\BOOKMARK [0][]{appendix.C}{\376\377\000C\000\040\000R\000e\000s\000u\000l\000t\000a\000d\000o\000s\000\040\000d\000e\000\040\000m\000o\000d\000e\000l\000\040\000c\000h\000e\000c\000k\000i\000n\000g\000\040\000c\000o\000n\000\040\000T\000L\000C}{}% 117
\BOOKMARK [0][]{appendix.D}{\376\377\000D\000\040\000S\000e\000t\000u\000p\000\040\000r\000e\000p\000r\000o\000d\000u\000c\000i\000b\000l\000e}{}% 118
\BOOKMARK [0][]{appendix.E}{\376\377\000E\000\040\000S\000o\000l\000u\000c\000i\000o\000n\000e\000s\000\040\000a\000\040\000e\000j\000e\000r\000c\000i\000c\000i\000o\000s\000\040\000s\000e\000l\000e\000c\000c\000i\000o\000n\000a\000d\000o\000s}{}% 119
\BOOKMARK [0][]{appendix*.7}{\376\377\000B\000i\000b\000l\000i\000o\000g\000r\000a\000f\000\355\000a}{}% 120
